Started GET "/" for ::1 at 2020-12-27 18:47:44 +0900
Processing by Rails::WelcomeController#index as HTML
  Rendering C:/Ruby27-x64/lib/ruby/gems/2.7.0/gems/railties-5.2.4.4/lib/rails/templates/rails/welcome/index.html.erb
  Rendered C:/Ruby27-x64/lib/ruby/gems/2.7.0/gems/railties-5.2.4.4/lib/rails/templates/rails/welcome/index.html.erb (8.5ms)
Completed 200 OK in 35ms (Views: 30.9ms | ActiveRecord: 0.0ms)


Started GET "/" for ::1 at 2021-01-06 18:47:37 +0900
Processing by Rails::WelcomeController#index as HTML
  Rendering C:/Ruby27-x64/lib/ruby/gems/2.7.0/gems/railties-5.2.4.4/lib/rails/templates/rails/welcome/index.html.erb
  Rendered C:/Ruby27-x64/lib/ruby/gems/2.7.0/gems/railties-5.2.4.4/lib/rails/templates/rails/welcome/index.html.erb (13.7ms)
Completed 200 OK in 71ms (Views: 51.6ms | ActiveRecord: 0.0ms)


Started GET "/tasks/4" for ::1 at 2021-01-20 01:24:02 +0900
Processing by TasksController#show as HTML
  Parameters: {"id"=>"4"}
  [1m[36mTask Load (0.2ms)[0m  [1m[34mSELECT  "tasks".* FROM "tasks" WHERE "tasks"."id" = $1 LIMIT $2[0m  [["id", 4], ["LIMIT", 1]]
  ↳ app/controllers/tasks_controller.rb:16
  Rendering tasks/show.html.erb within layouts/application
  Rendered tasks/show.html.erb within layouts/application (0.5ms)
Completed 200 OK in 39ms (Views: 24.1ms | ActiveRecord: 0.2ms)


Started GET "/tasks" for ::1 at 2021-01-20 01:24:05 +0900
Processing by TasksController#index as HTML
  Rendering tasks/index.html.erb within layouts/application
  [1m[36mTask Load (0.3ms)[0m  [1m[34mSELECT  "tasks".* FROM "tasks" ORDER BY limit_date LIMIT $1[0m  [["LIMIT", 100]]
  ↳ app/views/tasks/index.html.erb:67
  Rendered tasks/index.html.erb within layouts/application (4.1ms)
Completed 200 OK in 32ms (Views: 30.3ms | ActiveRecord: 0.3ms)


Started GET "/tasks" for ::1 at 2021-01-20 01:24:46 +0900
Processing by TasksController#index as HTML
  Rendering tasks/index.html.erb within layouts/application
  [1m[36mTask Load (0.3ms)[0m  [1m[34mSELECT  "tasks".* FROM "tasks" ORDER BY limit_date LIMIT $1[0m  [["LIMIT", 100]]
  ↳ app/views/tasks/index.html.erb:67
  Rendered tasks/index.html.erb within layouts/application (3.4ms)
Completed 200 OK in 45ms (Views: 28.3ms | ActiveRecord: 0.3ms)


Started GET "/tasks" for ::1 at 2021-01-20 01:25:08 +0900
Processing by TasksController#index as HTML
  Rendering tasks/index.html.erb within layouts/application
  [1m[36mTask Load (0.3ms)[0m  [1m[34mSELECT  "tasks".* FROM "tasks" ORDER BY limit_date LIMIT $1[0m  [["LIMIT", 100]]
  ↳ app/views/tasks/index.html.erb:67
  Rendered tasks/index.html.erb within layouts/application (5.8ms)
Completed 200 OK in 46ms (Views: 30.6ms | ActiveRecord: 0.3ms)


Started GET "/tasks" for ::1 at 2021-01-20 01:25:24 +0900
Processing by TasksController#index as HTML
  Rendering tasks/index.html.erb within layouts/application
  [1m[36mTask Load (0.3ms)[0m  [1m[34mSELECT  "tasks".* FROM "tasks" ORDER BY limit_date LIMIT $1[0m  [["LIMIT", 100]]
  ↳ app/views/tasks/index.html.erb:67
  Rendered tasks/index.html.erb within layouts/application (5.4ms)
Completed 200 OK in 49ms (Views: 31.5ms | ActiveRecord: 0.3ms)


